<?xml version="1.0" encoding="UTF-8"?>
<testng-results ignored="0" total="1" passed="1" failed="0" skipped="0">
  <reporter-output>
  </reporter-output>
  <suite started-at="2024-06-21T20:52:49 IST" name="API TEST" finished-at="2024-06-21T20:52:53 IST" duration-ms="4154">
    <groups>
    </groups>
    <test started-at="2024-06-21T20:52:49 IST" name="Sauron 4 api testcases" finished-at="2024-06-21T20:52:53 IST" duration-ms="4154">
      <class name="com.qapitol.sample.apitest.ApiTest">
        <test-method signature="askForJokeTest()[pri:0, instance:com.qapitol.sample.apitest.ApiTest@2eed37f4]" started-at="2024-06-21T20:52:49 IST" name="askForJokeTest" finished-at="2024-06-21T20:52:53 IST" duration-ms="3969" status="PASS">
          <reporter-output>
          </reporter-output>
        </test-method> <!-- askForJokeTest -->
      </class> <!-- com.qapitol.sample.apitest.ApiTest -->
    </test> <!-- Sauron 4 api testcases -->
  </suite> <!-- API TEST -->
</testng-results>
